Unity Editor version:    2022.3.9f1 (ea401c316338)
Branch:                  2022.3/staging
Build type:              Release
Batch mode:              YES
macOS version:           Version 12.5.1 (Build 21G83)
Darwin version:          21.6.0
Architecture:            x86_64
Running under Rosetta:   NO
Available memory:        16384 MB
Using pre-set license
Pro License: YES

COMMAND LINE ARGUMENTS:
/Applications/Unity/Hub/Editor/2022.3.9f1/Unity.app/Contents/MacOS/Unity
-adb2
-batchMode
-noUpm
-name
AssetImportWorker1
-projectPath
/Users/danieldavila/Documents/EP491-Daniel-Project/EP391_V2
-logFile
Logs/AssetImportWorker1.log
-srvPort
49276
Successfully changed project path to: /Users/danieldavila/Documents/EP491-Daniel-Project/EP391_V2
/Users/danieldavila/Documents/EP491-Daniel-Project/EP391_V2
[UnityMemory] Configuration Parameters - Can be set up in boot.config
    "memorysetup-bucket-allocator-granularity=16"
    "memorysetup-bucket-allocator-bucket-count=8"
    "memorysetup-bucket-allocator-block-size=33554432"
    "memorysetup-bucket-allocator-block-count=8"
    "memorysetup-main-allocator-block-size=16777216"
    "memorysetup-thread-allocator-block-size=16777216"
    "memorysetup-gfx-main-allocator-block-size=16777216"
    "memorysetup-gfx-thread-allocator-block-size=16777216"
    "memorysetup-cache-allocator-block-size=4194304"
    "memorysetup-typetree-allocator-block-size=2097152"
    "memorysetup-profiler-bucket-allocator-granularity=16"
    "memorysetup-profiler-bucket-allocator-bucket-count=8"
    "memorysetup-profiler-bucket-allocator-block-size=33554432"
    "memorysetup-profiler-bucket-allocator-block-count=8"
    "memorysetup-profiler-allocator-block-size=16777216"
    "memorysetup-profiler-editor-allocator-block-size=1048576"
    "memorysetup-temp-allocator-size-main=16777216"
    "memorysetup-job-temp-allocator-block-size=2097152"
    "memorysetup-job-temp-allocator-block-size-background=1048576"
    "memorysetup-job-temp-allocator-reduction-small-platforms=262144"
    "memorysetup-allocator-temp-initial-block-size-main=262144"
    "memorysetup-allocator-temp-initial-block-size-worker=262144"
    "memorysetup-temp-allocator-size-background-worker=32768"
    "memorysetup-temp-allocator-size-job-worker=262144"
    "memorysetup-temp-allocator-size-preload-manager=33554432"
    "memorysetup-temp-allocator-size-nav-mesh-worker=65536"
    "memorysetup-temp-allocator-size-audio-worker=65536"
    "memorysetup-temp-allocator-size-cloud-worker=32768"
    "memorysetup-temp-allocator-size-gi-baking-worker=262144"
    "memorysetup-temp-allocator-size-gfx=262144"
Player connection [4711036416] Host "[IP] 192.168.0.176 [Port] 0 [Flags] 2 [Guid] 3528219794 [EditorId] 3528219794 [Version] 1048832 [Id] OSXEditor(0,Daniels-MBP.cable.rcn.com) [Debug] 1 [PackageName] OSXEditor [ProjectName] Editor" joined multi-casting on [225.0.0.222:54997]...

Player connection [4711036416] Host "[IP] 192.168.0.176 [Port] 0 [Flags] 2 [Guid] 3528219794 [EditorId] 3528219794 [Version] 1048832 [Id] OSXEditor(0,Daniels-MBP.cable.rcn.com) [Debug] 1 [PackageName] OSXEditor [ProjectName] Editor" joined alternative multi-casting on [225.0.0.222:34997]...

[Physics::Module] Initialized MultithreadedJobDispatcher with 7 workers.
Refreshing native plugins compatible for Editor in 29.25 ms, found 12 plugins.
Preloading 2 native plugins for Editor in 10.93 ms.
Initialize engine version: 2022.3.9f1 (ea401c316338)
[Subsystems] Discovering subsystems at path /Applications/Unity/Hub/Editor/2022.3.9f1/Unity.app/Contents/Resources/UnitySubsystems
[Subsystems] Discovering subsystems at path /Users/danieldavila/Documents/EP491-Daniel-Project/EP391_V2/Assets
GfxDevice: creating device client; threaded=0; jobified=0
Color LCD preferred device: Intel Iris Pro Graphics (low power)
Metal devices available: 2
0: AMD Radeon R9 M370X (high power)
1: Intel Iris Pro Graphics (low power)
Using device AMD Radeon R9 M370X (high power)
Initializing Metal device caps: AMD Radeon R9 M370X
Initialize mono
Mono path[0] = '/Applications/Unity/Hub/Editor/2022.3.9f1/Unity.app/Contents/Managed'
Mono path[1] = '/Applications/Unity/Hub/Editor/2022.3.9f1/Unity.app/Contents/MonoBleedingEdge/lib/mono/unityjit-macos'
Mono config path = '/Applications/Unity/Hub/Editor/2022.3.9f1/Unity.app/Contents/MonoBleedingEdge/etc'
Using monoOptions --debugger-agent=transport=dt_socket,embedding=1,server=y,suspend=n,address=127.0.0.1:56257
Begin MonoManager ReloadAssembly
Registering precompiled unity dll's ...
Register platform support module: /Applications/Unity/Hub/Editor/2022.3.9f1/Unity.app/Contents/PlaybackEngines/MacStandaloneSupport/UnityEditor.OSXStandalone.Extensions.dll
Register platform support module: /Applications/Unity/Hub/Editor/2022.3.9f1/PlaybackEngines/AndroidPlayer/UnityEditor.Android.Extensions.dll
Registered in 0.002470 seconds.
- Loaded All Assemblies, in  0.732 seconds
Native extension for Android target not found
Android Extension - Scanning For ADB Devices 142 ms
Native extension for OSXStandalone target not found
Mono: successfully reloaded assembly
- Finished resetting the current domain, in  0.755 seconds
Domain Reload Profiling: 1488ms
	BeginReloadAssembly (192ms)
		ExecutionOrderSort (0ms)
		DisableScriptedObjects (0ms)
		BackupInstance (0ms)
		ReleaseScriptingObjects (0ms)
		CreateAndSetChildDomain (1ms)
	RebuildCommonClasses (85ms)
	RebuildNativeTypeToScriptingClass (31ms)
	initialDomainReloadingComplete (99ms)
	LoadAllAssembliesAndSetupDomain (326ms)
		LoadAssemblies (194ms)
		RebuildTransferFunctionScriptingTraits (0ms)
		AnalyzeDomain (320ms)
			TypeCache.Refresh (317ms)
				TypeCache.ScanAssembly (294ms)
			ScanForSourceGeneratedMonoScriptInfo (1ms)
			ResolveRequiredComponents (1ms)
	FinalizeReload (756ms)
		ReleaseScriptCaches (0ms)
		RebuildScriptCaches (0ms)
		SetupLoadedEditorAssemblies (647ms)
			LogAssemblyErrors (0ms)
			InitializePlatformSupportModulesInManaged (364ms)
			SetLoadedEditorAssemblies (8ms)
			RefreshPlugins (0ms)
			BeforeProcessingInitializeOnLoad (4ms)
			ProcessInitializeOnLoadAttributes (182ms)
			ProcessInitializeOnLoadMethodAttributes (88ms)
			AfterProcessingInitializeOnLoad (0ms)
			EditorAssembliesLoaded (0ms)
		ExecutionOrderSort2 (0ms)
		AwakeInstancesAfterBackupRestoration (0ms)
========================================================================
Worker process is ready to serve import requests
Begin MonoManager ReloadAssembly
- Loaded All Assemblies, in  1.381 seconds
Refreshing native plugins compatible for Editor in 11.72 ms, found 12 plugins.
Native extension for Android target not found
Native extension for OSXStandalone target not found
Package Manager log level set to [2]
[Package Manager] Server::EnsureServerProcessIsRunning -- launch failed, reason: Unity was launched with the -noUpm command-line argument
[Package Manager] UpmClient::Send -- Unable to send message (not connected to UPM process).
[Package Manager] Cannot connect to Unity Package Manager local server
[Package Manager] Server::EnsureServerProcessIsRunning -- launch failed, reason: Unity was launched with the -noUpm command-line argument
[Package Manager] UpmClient::Send -- Unable to send message (not connected to UPM process).
[Package Manager] Cannot connect to Unity Package Manager local server
Mono: successfully reloaded assembly
[Package Manager] Server::EnsureServerProcessIsRunning -- launch failed, reason: Unity was launched with the -noUpm command-line argument
[Package Manager] UpmClient::Send -- Unable to send message (not connected to UPM process).
[Package Manager] Cannot connect to Unity Package Manager local server
[Package Manager] Server::EnsureServerProcessIsRunning -- launch failed, reason: Unity was launched with the -noUpm command-line argument
[Package Manager] UpmClient::Send -- Unable to send message (not connected to UPM process).
[Package Manager] Cannot connect to Unity Package Manager local server
- Finished resetting the current domain, in  1.300 seconds
Domain Reload Profiling: 2683ms
	BeginReloadAssembly (250ms)
		ExecutionOrderSort (0ms)
		DisableScriptedObjects (10ms)
		BackupInstance (0ms)
		ReleaseScriptingObjects (0ms)
		CreateAndSetChildDomain (66ms)
	RebuildCommonClasses (69ms)
	RebuildNativeTypeToScriptingClass (26ms)
	initialDomainReloadingComplete (81ms)
	LoadAllAssembliesAndSetupDomain (956ms)
		LoadAssemblies (575ms)
		RebuildTransferFunctionScriptingTraits (0ms)
		AnalyzeDomain (493ms)
			TypeCache.Refresh (429ms)
				TypeCache.ScanAssembly (395ms)
			ScanForSourceGeneratedMonoScriptInfo (45ms)
			ResolveRequiredComponents (16ms)
	FinalizeReload (1301ms)
		ReleaseScriptCaches (0ms)
		RebuildScriptCaches (0ms)
		SetupLoadedEditorAssemblies (902ms)
			LogAssemblyErrors (0ms)
			InitializePlatformSupportModulesInManaged (38ms)
			SetLoadedEditorAssemblies (7ms)
			RefreshPlugins (0ms)
			BeforeProcessingInitializeOnLoad (94ms)
			ProcessInitializeOnLoadAttributes (673ms)
			ProcessInitializeOnLoadMethodAttributes (89ms)
			AfterProcessingInitializeOnLoad (1ms)
			EditorAssembliesLoaded (0ms)
		ExecutionOrderSort2 (0ms)
		AwakeInstancesAfterBackupRestoration (8ms)
Launching external process: /Applications/Unity/Hub/Editor/2022.3.9f1/Unity.app/Contents/Tools/UnityShaderCompiler
Launched and connected shader compiler UnityShaderCompiler after 0.12 seconds
Refreshing native plugins compatible for Editor in 10.15 ms, found 12 plugins.
Preloading 2 native plugins for Editor in 0.61 ms.
Unloading 4547 Unused Serialized files (Serialized files now loaded: 0)
Unloading 110 unused Assets / (90.3 KB). Loaded Objects now: 4989.
Memory consumption went from 283.2 MB to 283.1 MB.
Total: 5.586998 ms (FindLiveObjects: 0.409177 ms CreateObjectMapping: 0.193089 ms MarkObjects: 4.728577 ms  DeleteObjects: 0.254826 ms)

AssetImportParameters requested are different than current active one (requested -> active):
  custom:container-demuxer-ogg: 62fdf1f143b41e24485cea50d1cbac27 -> 
  custom:video-decoder-ogg-theora: a1e56fd34408186e4bbccfd4996cb3dc -> 
  custom:CustomObjectIndexerAttribute: 756ad292c208cfabdd7b50bc23989ffe -> 
  custom:container-demuxer-webm: 4f35f7cbe854078d1ac9338744f61a02 -> 
  custom:container-muxer-webm: aa71ff27fc2769a1b78a27578f13a17b -> 
  custom:video-decoder-webm-vp8: 9c59270c3fd7afecdb556c50c9e8de78 -> 
  custom:SearchIndexIgnoredProperties: e643bd26f0fe6173181afceb89e7c659 -> 
  custom:AudioImporter_EditorPlatform: 3918e3fc78b5a79bad01e8451be0beb8 -> 
  custom:framework-osx-AVFoundation: e770b220cccbd017edd2c1fefb359320 -> 
  custom:video-encoder-webm-vp8: eb34c28f22e8b96e1ab97ce403110664 -> 
  custom:audio-decoder-ogg-vorbis: bf7c407c2cedff20999df2af8eb42d56 -> 
  custom:audio-encoder-webm-vorbis: bf7c407c2cedff20999df2af8eb42d56 -> 
========================================================================
Received Import Request.
  Time since last request: 2551.481798 seconds.
  path: Assets/ColorSkies/Textures/Skybox_1/Down_Tex.png
  artifactKey: Guid(9c05f2ab86441c4478441ff554428b70) Importer(815301076,1909f56bfc062723c751e8b465ee728b)
Start importing Assets/ColorSkies/Textures/Skybox_1/Down_Tex.png using Guid(9c05f2ab86441c4478441ff554428b70) Importer(815301076,1909f56bfc062723c751e8b465ee728b) WARNING: RGBA Compressed ASTC6X6 UNorm format is not supported, decompressing texture
 -> (artifact id: '4f229466c3b5e467235ceedd7ea21d8f') in 0.160255 seconds
Number of updated asset objects reloaded before import = 0
Number of asset objects unloaded after import = 2
========================================================================
Received Import Request.
  Time since last request: 0.000091 seconds.
  path: Assets/ColorSkies/Textures/Skybox_1/Front_Tex.png
  artifactKey: Guid(7a3837d7139c94344972fa9fc9a474e3) Importer(815301076,1909f56bfc062723c751e8b465ee728b)
Start importing Assets/ColorSkies/Textures/Skybox_1/Front_Tex.png using Guid(7a3837d7139c94344972fa9fc9a474e3) Importer(815301076,1909f56bfc062723c751e8b465ee728b) WARNING: RGBA Compressed ASTC6X6 UNorm format is not supported, decompressing texture
 -> (artifact id: '09cf1e95359a3c746933c47fb61b12cd') in 0.092421 seconds
Number of updated asset objects reloaded before import = 0
Number of asset objects unloaded after import = 2
========================================================================
Received Import Request.
  Time since last request: 0.000064 seconds.
  path: Assets/ColorSkies/Textures/Skybox_1/Right_Tex.png
  artifactKey: Guid(18089b724a86a61418bb95b958d57e7c) Importer(815301076,1909f56bfc062723c751e8b465ee728b)
Start importing Assets/ColorSkies/Textures/Skybox_1/Right_Tex.png using Guid(18089b724a86a61418bb95b958d57e7c) Importer(815301076,1909f56bfc062723c751e8b465ee728b) WARNING: RGBA Compressed ASTC6X6 UNorm format is not supported, decompressing texture
 -> (artifact id: '1900f7dacda18c0c0dd85d3e4b9dd04b') in 0.066556 seconds
Number of updated asset objects reloaded before import = 0
Number of asset objects unloaded after import = 2
========================================================================
Received Import Request.
  Time since last request: 2.400455 seconds.
  path: Assets/ColorSkies/Textures/Skybox_2/Down_Tex.png
  artifactKey: Guid(60256e2f8227cee4ab28d230b5abbc35) Importer(815301076,1909f56bfc062723c751e8b465ee728b)
Start importing Assets/ColorSkies/Textures/Skybox_2/Down_Tex.png using Guid(60256e2f8227cee4ab28d230b5abbc35) Importer(815301076,1909f56bfc062723c751e8b465ee728b) WARNING: RGBA Compressed ASTC6X6 UNorm format is not supported, decompressing texture
 -> (artifact id: '6a8bb5a3565ef1bb1f378e15fc161e1e') in 0.058326 seconds
Number of updated asset objects reloaded before import = 0
Number of asset objects unloaded after import = 2
========================================================================
Received Import Request.
  Time since last request: 0.000048 seconds.
  path: Assets/ColorSkies/Textures/Skybox_2/Right_Tex.png
  artifactKey: Guid(19b2b1a141020bd43b39b581f1c66dcb) Importer(815301076,1909f56bfc062723c751e8b465ee728b)
Start importing Assets/ColorSkies/Textures/Skybox_2/Right_Tex.png using Guid(19b2b1a141020bd43b39b581f1c66dcb) Importer(815301076,1909f56bfc062723c751e8b465ee728b) WARNING: RGBA Compressed ASTC6X6 UNorm format is not supported, decompressing texture
 -> (artifact id: '582424fec5872cf4a07d41f13940ae5d') in 0.091031 seconds
Number of updated asset objects reloaded before import = 0
Number of asset objects unloaded after import = 2
========================================================================
Received Import Request.
  Time since last request: 0.000062 seconds.
  path: Assets/ColorSkies/Textures/Skybox_2/Up_Tex.png
  artifactKey: Guid(ce2c5305fe145864f9a6d953f6d091e7) Importer(815301076,1909f56bfc062723c751e8b465ee728b)
Start importing Assets/ColorSkies/Textures/Skybox_2/Up_Tex.png using Guid(ce2c5305fe145864f9a6d953f6d091e7) Importer(815301076,1909f56bfc062723c751e8b465ee728b) WARNING: RGBA Compressed ASTC6X6 UNorm format is not supported, decompressing texture
 -> (artifact id: 'e120ddb15c22f12c11da3c19efd078c5') in 0.113401 seconds
Number of updated asset objects reloaded before import = 0
Number of asset objects unloaded after import = 2
========================================================================
Received Import Request.
  Time since last request: 1.600988 seconds.
  path: Assets/ColorSkies/Textures/Skybox_3/Down_Tex.png
  artifactKey: Guid(f5c10e8155f7ef2429f4ecfed1e81a7a) Importer(815301076,1909f56bfc062723c751e8b465ee728b)
Start importing Assets/ColorSkies/Textures/Skybox_3/Down_Tex.png using Guid(f5c10e8155f7ef2429f4ecfed1e81a7a) Importer(815301076,1909f56bfc062723c751e8b465ee728b) WARNING: RGBA Compressed ASTC6X6 UNorm format is not supported, decompressing texture
 -> (artifact id: 'd96473e23ef415b00af3aacd3d157a1e') in 0.050606 seconds
Number of updated asset objects reloaded before import = 0
Number of asset objects unloaded after import = 2
========================================================================
Received Import Request.
  Time since last request: 0.000110 seconds.
  path: Assets/ColorSkies/Textures/Skybox_3/Right_Tex.png
  artifactKey: Guid(9cec472ff7443044ea6ec18c82bd0923) Importer(815301076,1909f56bfc062723c751e8b465ee728b)
Start importing Assets/ColorSkies/Textures/Skybox_3/Right_Tex.png using Guid(9cec472ff7443044ea6ec18c82bd0923) Importer(815301076,1909f56bfc062723c751e8b465ee728b) WARNING: RGBA Compressed ASTC6X6 UNorm format is not supported, decompressing texture
 -> (artifact id: 'd17c6c190edfe26af987aa1a2b64dd9a') in 0.072559 seconds
Number of updated asset objects reloaded before import = 0
Number of asset objects unloaded after import = 2
========================================================================
Received Import Request.
  Time since last request: 0.000553 seconds.
  path: Assets/ColorSkies/Textures/Skybox_3/Left_Tex.png
  artifactKey: Guid(36b1e02dd68d74c40ab47d997320867b) Importer(815301076,1909f56bfc062723c751e8b465ee728b)
Start importing Assets/ColorSkies/Textures/Skybox_3/Left_Tex.png using Guid(36b1e02dd68d74c40ab47d997320867b) Importer(815301076,1909f56bfc062723c751e8b465ee728b) WARNING: RGBA Compressed ASTC6X6 UNorm format is not supported, decompressing texture
 -> (artifact id: '3e8963e94cf999a51e7fbf25029ca5d9') in 0.079024 seconds
Number of updated asset objects reloaded before import = 0
Number of asset objects unloaded after import = 2
========================================================================
Received Import Request.
  Time since last request: 1.028850 seconds.
  path: Assets/ColorSkies/Textures/Skybox_4/Down_Tex.png
  artifactKey: Guid(98078ce5a530b404ebfcf21998603672) Importer(815301076,1909f56bfc062723c751e8b465ee728b)
Start importing Assets/ColorSkies/Textures/Skybox_4/Down_Tex.png using Guid(98078ce5a530b404ebfcf21998603672) Importer(815301076,1909f56bfc062723c751e8b465ee728b) WARNING: RGBA Compressed ASTC6X6 UNorm format is not supported, decompressing texture
 -> (artifact id: 'c16a456d4e8cbed249ccaaf5bc0cf8c8') in 0.059836 seconds
Number of updated asset objects reloaded before import = 0
Number of asset objects unloaded after import = 2
========================================================================
Received Import Request.
  Time since last request: 0.000099 seconds.
  path: Assets/ColorSkies/Textures/Skybox_4/Left_Tex.png
  artifactKey: Guid(54c85a2234eacb242b4ee561ac995f0d) Importer(815301076,1909f56bfc062723c751e8b465ee728b)
Start importing Assets/ColorSkies/Textures/Skybox_4/Left_Tex.png using Guid(54c85a2234eacb242b4ee561ac995f0d) Importer(815301076,1909f56bfc062723c751e8b465ee728b) WARNING: RGBA Compressed ASTC6X6 UNorm format is not supported, decompressing texture
 -> (artifact id: '47beab607e051728a1b7e9506224301d') in 0.079086 seconds
Number of updated asset objects reloaded before import = 0
Number of asset objects unloaded after import = 2
========================================================================
Received Import Request.
  Time since last request: 0.000056 seconds.
  path: Assets/ColorSkies/Textures/Skybox_4/Front_Tex.png
  artifactKey: Guid(71de4bd32f3aa0d43b999affb1c3b38b) Importer(815301076,1909f56bfc062723c751e8b465ee728b)
Start importing Assets/ColorSkies/Textures/Skybox_4/Front_Tex.png using Guid(71de4bd32f3aa0d43b999affb1c3b38b) Importer(815301076,1909f56bfc062723c751e8b465ee728b) WARNING: RGBA Compressed ASTC6X6 UNorm format is not supported, decompressing texture
 -> (artifact id: '6057115d9081b4ff80cdaf19d16125f6') in 0.094317 seconds
Number of updated asset objects reloaded before import = 0
Number of asset objects unloaded after import = 2
========================================================================
Received Import Request.
  Time since last request: 1.225589 seconds.
  path: Assets/ColorSkies/Textures/Skybox_5/Down_Tex.png
  artifactKey: Guid(a890e4d5bb98bbc4f9a16e0db8faa8c3) Importer(815301076,1909f56bfc062723c751e8b465ee728b)
Start importing Assets/ColorSkies/Textures/Skybox_5/Down_Tex.png using Guid(a890e4d5bb98bbc4f9a16e0db8faa8c3) Importer(815301076,1909f56bfc062723c751e8b465ee728b) WARNING: RGBA Compressed ASTC6X6 UNorm format is not supported, decompressing texture
 -> (artifact id: '12d1ada930ca4f5a1e46132945c8e8e3') in 0.085606 seconds
Number of updated asset objects reloaded before import = 0
Number of asset objects unloaded after import = 2
========================================================================
Received Import Request.
  Time since last request: 0.000117 seconds.
  path: Assets/ColorSkies/Textures/Skybox_5/Right_Tex.png
  artifactKey: Guid(aca887f2ebec15e47a0162f8ce72295f) Importer(815301076,1909f56bfc062723c751e8b465ee728b)
Start importing Assets/ColorSkies/Textures/Skybox_5/Right_Tex.png using Guid(aca887f2ebec15e47a0162f8ce72295f) Importer(815301076,1909f56bfc062723c751e8b465ee728b) WARNING: RGBA Compressed ASTC6X6 UNorm format is not supported, decompressing texture
 -> (artifact id: '823a50f6e6305132c0bc32ea9da3667d') in 0.109680 seconds
Number of updated asset objects reloaded before import = 0
Number of asset objects unloaded after import = 2
========================================================================
Received Import Request.
  Time since last request: 0.000081 seconds.
  path: Assets/ColorSkies/Textures/Skybox_5/Front_Tex.png
  artifactKey: Guid(0ff3184f83c61694f88e71685b7681cf) Importer(815301076,1909f56bfc062723c751e8b465ee728b)
Start importing Assets/ColorSkies/Textures/Skybox_5/Front_Tex.png using Guid(0ff3184f83c61694f88e71685b7681cf) Importer(815301076,1909f56bfc062723c751e8b465ee728b) WARNING: RGBA Compressed ASTC6X6 UNorm format is not supported, decompressing texture
 -> (artifact id: 'ab7cfb57b539562709390d97692196d6') in 0.098952 seconds
Number of updated asset objects reloaded before import = 0
Number of asset objects unloaded after import = 2
========================================================================
Received Import Request.
  Time since last request: 3.591841 seconds.
  path: Assets/ColorSkies/Textures/Skybox_7/Down_Tex.png
  artifactKey: Guid(8f99e93e2d44b91459b2c18f4ea20396) Importer(815301076,1909f56bfc062723c751e8b465ee728b)
Start importing Assets/ColorSkies/Textures/Skybox_7/Down_Tex.png using Guid(8f99e93e2d44b91459b2c18f4ea20396) Importer(815301076,1909f56bfc062723c751e8b465ee728b) WARNING: RGBA Compressed ASTC6X6 UNorm format is not supported, decompressing texture
 -> (artifact id: '6b5ba0e69bf327f5e699f88e2dda748a') in 0.059797 seconds
Number of updated asset objects reloaded before import = 0
Number of asset objects unloaded after import = 2
========================================================================
Received Import Request.
  Time since last request: 0.000070 seconds.
  path: Assets/ColorSkies/Textures/Skybox_7/Left_Tex.png
  artifactKey: Guid(202d8a1b5b39a8042bfa416fed86facc) Importer(815301076,1909f56bfc062723c751e8b465ee728b)
Start importing Assets/ColorSkies/Textures/Skybox_7/Left_Tex.png using Guid(202d8a1b5b39a8042bfa416fed86facc) Importer(815301076,1909f56bfc062723c751e8b465ee728b) WARNING: RGBA Compressed ASTC6X6 UNorm format is not supported, decompressing texture
 -> (artifact id: '4dd282e41c258f8f97f0ee7d2b7681d1') in 0.085949 seconds
Number of updated asset objects reloaded before import = 0
Number of asset objects unloaded after import = 2
========================================================================
Received Import Request.
  Time since last request: 0.000068 seconds.
  path: Assets/ColorSkies/Textures/Skybox_7/Up_Tex.png
  artifactKey: Guid(3ae5e39d7931ec74f8e9f1781aaf1e4e) Importer(815301076,1909f56bfc062723c751e8b465ee728b)
Start importing Assets/ColorSkies/Textures/Skybox_7/Up_Tex.png using Guid(3ae5e39d7931ec74f8e9f1781aaf1e4e) Importer(815301076,1909f56bfc062723c751e8b465ee728b) WARNING: RGBA Compressed ASTC6X6 UNorm format is not supported, decompressing texture
 -> (artifact id: '8f0b9e2aaed27eec40484a27a5982e18') in 0.096055 seconds
Number of updated asset objects reloaded before import = 0
Number of asset objects unloaded after import = 2
========================================================================
Received Import Request.
  Time since last request: 1.182822 seconds.
  path: Assets/ColorSkies/Textures/Skybox_8/Down_Tex.png
  artifactKey: Guid(b20a4e86d9bc1014081950eee3a2f5d5) Importer(815301076,1909f56bfc062723c751e8b465ee728b)
Start importing Assets/ColorSkies/Textures/Skybox_8/Down_Tex.png using Guid(b20a4e86d9bc1014081950eee3a2f5d5) Importer(815301076,1909f56bfc062723c751e8b465ee728b) WARNING: RGBA Compressed ASTC6X6 UNorm format is not supported, decompressing texture
 -> (artifact id: 'b525ebe8ec4b757d43f633e4a9982cc3') in 0.056288 seconds
Number of updated asset objects reloaded before import = 0
Number of asset objects unloaded after import = 2
========================================================================
Received Import Request.
  Time since last request: 0.000095 seconds.
  path: Assets/ColorSkies/Textures/Skybox_8/Front_Tex.png
  artifactKey: Guid(3f9dd857e107eea4dbc8fab7ebd80a13) Importer(815301076,1909f56bfc062723c751e8b465ee728b)
Start importing Assets/ColorSkies/Textures/Skybox_8/Front_Tex.png using Guid(3f9dd857e107eea4dbc8fab7ebd80a13) Importer(815301076,1909f56bfc062723c751e8b465ee728b) WARNING: RGBA Compressed ASTC6X6 UNorm format is not supported, decompressing texture
 -> (artifact id: '960a4b0212edf750368bf111318cb254') in 0.079671 seconds
Number of updated asset objects reloaded before import = 0
Number of asset objects unloaded after import = 2
========================================================================
Received Import Request.
  Time since last request: 0.000250 seconds.
  path: Assets/ColorSkies/Textures/Skybox_8/Left_Tex.png
  artifactKey: Guid(e80644f2945153b4cbec6ea25b00bd87) Importer(815301076,1909f56bfc062723c751e8b465ee728b)
Start importing Assets/ColorSkies/Textures/Skybox_8/Left_Tex.png using Guid(e80644f2945153b4cbec6ea25b00bd87) Importer(815301076,1909f56bfc062723c751e8b465ee728b) WARNING: RGBA Compressed ASTC6X6 UNorm format is not supported, decompressing texture
 -> (artifact id: '8100c20b2e04badce17e0af2ebc981b4') in 0.084260 seconds
Number of updated asset objects reloaded before import = 0
Number of asset objects unloaded after import = 2
========================================================================
Received Import Request.
  Time since last request: 11.068504 seconds.
  path: Assets/ColorSkies/Skies/Sky_2.mat
  artifactKey: Guid(3a8c5fa081c5a974b9fffa93e4230ece) Importer(815301076,1909f56bfc062723c751e8b465ee728b)
Start importing Assets/ColorSkies/Skies/Sky_2.mat using Guid(3a8c5fa081c5a974b9fffa93e4230ece) Importer(815301076,1909f56bfc062723c751e8b465ee728b) WARNING: RGBA Compressed ASTC6X6 UNorm format is not supported, decompressing texture
WARNING: RGBA Compressed ASTC6X6 UNorm format is not supported, decompressing texture
WARNING: RGBA Compressed ASTC6X6 UNorm format is not supported, decompressing texture
WARNING: RGBA Compressed ASTC6X6 UNorm format is not supported, decompressing texture
WARNING: RGBA Compressed ASTC6X6 UNorm format is not supported, decompressing texture
WARNING: RGBA Compressed ASTC6X6 UNorm format is not supported, decompressing texture
 -> (artifact id: '24aae7703f997638ca746f74cf822f0b') in 1.047257 seconds
Number of updated asset objects reloaded before import = 0
Number of asset objects unloaded after import = 7
========================================================================
Received Import Request.
  Time since last request: 0.000103 seconds.
  path: Assets/ColorSkies/Skies/Sky_3.mat
  artifactKey: Guid(a93d27d74f0fb574f9bbb6a2dbc86e97) Importer(815301076,1909f56bfc062723c751e8b465ee728b)
Start importing Assets/ColorSkies/Skies/Sky_3.mat using Guid(a93d27d74f0fb574f9bbb6a2dbc86e97) Importer(815301076,1909f56bfc062723c751e8b465ee728b) WARNING: RGBA Compressed ASTC6X6 UNorm format is not supported, decompressing texture
WARNING: RGBA Compressed ASTC6X6 UNorm format is not supported, decompressing texture
WARNING: RGBA Compressed ASTC6X6 UNorm format is not supported, decompressing texture
WARNING: RGBA Compressed ASTC6X6 UNorm format is not supported, decompressing texture
WARNING: RGBA Compressed ASTC6X6 UNorm format is not supported, decompressing texture
WARNING: RGBA Compressed ASTC6X6 UNorm format is not supported, decompressing texture
 -> (artifact id: '0150afa2340c694fc71457f0d2c86426') in 0.420568 seconds
Number of updated asset objects reloaded before import = 0
Number of asset objects unloaded after import = 7
========================================================================
Received Import Request.
  Time since last request: 0.000040 seconds.
  path: Assets/ColorSkies/Skies/Sky_8.mat
  artifactKey: Guid(4323fde32dbcebf4195ad58c05f28e84) Importer(815301076,1909f56bfc062723c751e8b465ee728b)
Start importing Assets/ColorSkies/Skies/Sky_8.mat using Guid(4323fde32dbcebf4195ad58c05f28e84) Importer(815301076,1909f56bfc062723c751e8b465ee728b) WARNING: RGBA Compressed ASTC6X6 UNorm format is not supported, decompressing texture
WARNING: RGBA Compressed ASTC6X6 UNorm format is not supported, decompressing texture
WARNING: RGBA Compressed ASTC6X6 UNorm format is not supported, decompressing texture
WARNING: RGBA Compressed ASTC6X6 UNorm format is not supported, decompressing texture
WARNING: RGBA Compressed ASTC6X6 UNorm format is not supported, decompressing texture
WARNING: RGBA Compressed ASTC6X6 UNorm format is not supported, decompressing texture
 -> (artifact id: 'c599745ea93e92da62cd274d160dbe4a') in 0.418081 seconds
Number of updated asset objects reloaded before import = 0
Number of asset objects unloaded after import = 7
========================================================================
Received Import Request.
  Time since last request: 0.000048 seconds.
  path: Assets/ColorSkies/Skies/Sky_6.mat
  artifactKey: Guid(59998d46d34ccf340be71d5a79eec445) Importer(815301076,1909f56bfc062723c751e8b465ee728b)
Start importing Assets/ColorSkies/Skies/Sky_6.mat using Guid(59998d46d34ccf340be71d5a79eec445) Importer(815301076,1909f56bfc062723c751e8b465ee728b) WARNING: RGBA Compressed ASTC6X6 UNorm format is not supported, decompressing texture
WARNING: RGBA Compressed ASTC6X6 UNorm format is not supported, decompressing texture
WARNING: RGBA Compressed ASTC6X6 UNorm format is not supported, decompressing texture
WARNING: RGBA Compressed ASTC6X6 UNorm format is not supported, decompressing texture
WARNING: RGBA Compressed ASTC6X6 UNorm format is not supported, decompressing texture
WARNING: RGBA Compressed ASTC6X6 UNorm format is not supported, decompressing texture
 -> (artifact id: 'e7e63f27278b5d25589a527d014a75df') in 0.445890 seconds
Number of updated asset objects reloaded before import = 0
Number of asset objects unloaded after import = 7
========================================================================
Received Import Request.
  Time since last request: 11.945215 seconds.
  path: Assets/Material/Color road.mat
  artifactKey: Guid(a6ffeb528318346b6bc280ee1437ed42) Importer(815301076,1909f56bfc062723c751e8b465ee728b)
Start importing Assets/Material/Color road.mat using Guid(a6ffeb528318346b6bc280ee1437ed42) Importer(815301076,1909f56bfc062723c751e8b465ee728b)  -> (artifact id: 'dabf7a2b8ac05ab6eb8ac2aec033ba44') in 0.025818 seconds
Number of updated asset objects reloaded before import = 0
Number of asset objects unloaded after import = 1
